# JRE version: OpenJDK Runtime Environment Temurin-11.0.14.1+1 (11.0.14.1+1) (build 11.0.14.1+1)
# Java VM: OpenJDK 64-Bit Server VM Temurin-11.0.14.1+1 (11.0.14.1+1, mixed mode, tiered, compressed oops, g1 gc, windows-amd64)
Heap:
 garbage-first heap   total 163840K, used 15443K [0x0000000761c00000, 0x0000000800000000)
  region size 1024K, 6 young (6144K), 1 survivors (1024K)
 Metaspace       used 12895K, capacity 13139K, committed 13312K, reserved 1060864K
  class space    used 1429K, capacity 1532K, committed 1536K, reserved 1048576K
GC Heap History (8 events):
Event: 0.592 GC heap before
{Heap before GC invocations=0 (full 0):
 garbage-first heap   total 163840K, used 7168K [0x0000000761c00000, 0x0000000800000000)
  region size 1024K, 8 young (8192K), 0 survivors (0K)
 Metaspace       used 6178K, capacity 6328K, committed 6528K, reserved 1056768K
  class space    used 526K, capacity 575K, committed 640K, reserved 1048576K
}
Event: 0.599 GC heap after
{Heap after GC invocations=1 (full 0):
 garbage-first heap   total 163840K, used 1435K [0x0000000761c00000, 0x0000000800000000)
  region size 1024K, 1 young (1024K), 1 survivors (1024K)
 Metaspace       used 6178K, capacity 6328K, committed 6528K, reserved 1056768K
  class space    used 526K, capacity 575K, committed 640K, reserved 1048576K
}
Event: 1.862 GC heap before
{Heap before GC invocations=1 (full 0):
 garbage-first heap   total 163840K, used 32155K [0x0000000761c00000, 0x0000000800000000)
  region size 1024K, 25 young (25600K), 1 survivors (1024K)
 Metaspace       used 12027K, capacity 12248K, committed 12544K, reserved 1060864K
  class space    used 1347K, capacity 1427K, committed 1536K, reserved 1048576K
}
Event: 1.874 GC heap after
{Heap after GC invocations=2 (full 0):
 garbage-first heap   total 163840K, used 9334K [0x0000000761c00000, 0x0000000800000000)
  region size 1024K, 4 young (4096K), 4 survivors (4096K)
 Metaspace       used 12027K, capacity 12248K, committed 12544K, reserved 1060864K
  class space    used 1347K, capacity 1427K, committed 1536K, reserved 1048576K
}
Event: 2.267 GC heap before
{Heap before GC invocations=2 (full 0):
 garbage-first heap   total 163840K, used 15478K [0x0000000761c00000, 0x0000000800000000)
  region size 1024K, 10 young (10240K), 4 survivors (4096K)
 Metaspace       used 12747K, capacity 12975K, committed 13056K, reserved 1060864K
  class space    used 1424K, capacity 1499K, committed 1536K, reserved 1048576K
}
Event: 2.274 GC heap after
{Heap after GC invocations=3 (full 0):
 garbage-first heap   total 163840K, used 10234K [0x0000000761c00000, 0x0000000800000000)
  region size 1024K, 1 young (1024K), 1 survivors (1024K)
 Metaspace       used 12747K, capacity 12975K, committed 13056K, reserved 1060864K
  class space    used 1424K, capacity 1499K, committed 1536K, reserved 1048576K
}
Event: 2.883 GC heap before
{Heap before GC invocations=3 (full 0):
 garbage-first heap   total 163840K, used 27642K [0x0000000761c00000, 0x0000000800000000)
  region size 1024K, 18 young (18432K), 1 survivors (1024K)
 Metaspace       used 12878K, capacity 13139K, committed 13312K, reserved 1060864K
  class space    used 1429K, capacity 1532K, committed 1536K, reserved 1048576K
}
Event: 2.886 GC heap after
{Heap after GC invocations=4 (full 0):
 garbage-first heap   total 163840K, used 10323K [0x0000000761c00000, 0x0000000800000000)
  region size 1024K, 1 young (1024K), 1 survivors (1024K)
 Metaspace       used 12878K, capacity 13139K, committed 13312K, reserved 1060864K
  class space    used 1429K, capacity 1532K, committed 1536K, reserved 1048576K
}

