# JRE version: OpenJDK Runtime Environment Temurin-11.0.14.1+1 (11.0.14.1+1) (build 11.0.14.1+1)
# Java VM: OpenJDK 64-Bit Server VM Temurin-11.0.14.1+1 (11.0.14.1+1, mixed mode, tiered, compressed oops, g1 gc, windows-amd64)
Heap:
 garbage-first heap   total 163840K, used 6958K [0x0000000761c00000, 0x0000000800000000)
  region size 1024K, 1 young (1024K), 1 survivors (1024K)
 Metaspace       used 21757K, capacity 22054K, committed 22192K, reserved 1077248K
  class space    used 2150K, capacity 2267K, committed 2304K, reserved 1048576K
GC Heap History (8 events):
Event: 4.165 GC heap before
{Heap before GC invocations=0 (full 0):
 garbage-first heap   total 163840K, used 8192K [0x0000000761c00000, 0x0000000800000000)
  region size 1024K, 8 young (8192K), 0 survivors (0K)
 Metaspace       used 8030K, capacity 8091K, committed 8192K, reserved 1056768K
  class space    used 642K, capacity 676K, committed 768K, reserved 1048576K
}
Event: 4.404 GC heap after
{Heap after GC invocations=1 (full 0):
 garbage-first heap   total 163840K, used 2746K [0x0000000761c00000, 0x0000000800000000)
  region size 1024K, 1 young (1024K), 1 survivors (1024K)
 Metaspace       used 8030K, capacity 8091K, committed 8192K, reserved 1056768K
  class space    used 642K, capacity 676K, committed 768K, reserved 1048576K
}
Event: 6.608 GC heap before
{Heap before GC invocations=1 (full 0):
 garbage-first heap   total 163840K, used 8890K [0x0000000761c00000, 0x0000000800000000)
  region size 1024K, 8 young (8192K), 1 survivors (1024K)
 Metaspace       used 11309K, capacity 11435K, committed 11648K, reserved 1060864K
  class space    used 1038K, capacity 1090K, committed 1152K, reserved 1048576K
}
Event: 6.616 GC heap after
{Heap after GC invocations=2 (full 0):
 garbage-first heap   total 163840K, used 3119K [0x0000000761c00000, 0x0000000800000000)
  region size 1024K, 1 young (1024K), 1 survivors (1024K)
 Metaspace       used 11309K, capacity 11435K, committed 11648K, reserved 1060864K
  class space    used 1038K, capacity 1090K, committed 1152K, reserved 1048576K
}
Event: 15.996 GC heap before
{Heap before GC invocations=2 (full 0):
 garbage-first heap   total 163840K, used 33839K [0x0000000761c00000, 0x0000000800000000)
  region size 1024K, 32 young (32768K), 1 survivors (1024K)
 Metaspace       used 20902K, capacity 21187K, committed 21296K, reserved 1069056K
  class space    used 2045K, capacity 2170K, committed 2176K, reserved 1048576K
}
Event: 16.013 GC heap after
{Heap after GC invocations=3 (full 0):
 garbage-first heap   total 163840K, used 6442K [0x0000000761c00000, 0x0000000800000000)
  region size 1024K, 4 young (4096K), 4 survivors (4096K)
 Metaspace       used 20902K, capacity 21187K, committed 21296K, reserved 1069056K
  class space    used 2045K, capacity 2170K, committed 2176K, reserved 1048576K
}
Event: 16.479 GC heap before
{Heap before GC invocations=4 (full 0):
 garbage-first heap   total 163840K, used 7466K [0x0000000761c00000, 0x0000000800000000)
  region size 1024K, 6 young (6144K), 4 survivors (4096K)
 Metaspace       used 21757K, capacity 22054K, committed 22192K, reserved 1075200K
  class space    used 2150K, capacity 2267K, committed 2304K, reserved 1048576K
}
Event: 16.495 GC heap after
{Heap after GC invocations=5 (full 0):
 garbage-first heap   total 163840K, used 6958K [0x0000000761c00000, 0x0000000800000000)
  region size 1024K, 1 young (1024K), 1 survivors (1024K)
 Metaspace       used 21757K, capacity 22054K, committed 22192K, reserved 1075200K
  class space    used 2150K, capacity 2267K, committed 2304K, reserved 1048576K
}

